<?xml version="1.0" encoding="UTF-8"?>
<!-- Generated by org.testng.reporters.JUnitReportReporter -->
<testsuite hostname="INBANN0MB1751" name="com.qtpselenium.framework.portfolio.LoginTest" tests="1" failures="0" timestamp="3 Feb 2015 07:42:34 GMT" time="17.643" errors="0">
  <testcase name="loginTest" time="17.643" classname="com.qtpselenium.framework.portfolio.LoginTest"/>
</testsuite> <!-- com.qtpselenium.framework.portfolio.LoginTest -->
